<?xml version="1.0" encoding="UTF-8"?>
<!-- Generated by org.testng.reporters.JUnitReportReporter -->
<testsuite skipped="0" hostname="Sagar" name="testcases.LoginPageTest" tests="1" failures="0" timestamp="2023-03-02T17:54:04 IST" time="2.515" errors="0">
  <testcase name="TC1" time="2.515" classname="testcases.LoginPageTest"/>
  <system-out/>
</testsuite> <!-- testcases.LoginPageTest -->
